<?xml version="1.0" encoding="UTF-8"?>
<testsuites name="Mocha Tests" time="11.3870" tests="2" failures="0">
  <testsuite name="Root Suite" timestamp="2021-07-21T07:42:15" tests="0" file="cypress/integration/summary.test.js" time="0.0000" failures="0">
  </testsuite>
  <testsuite name="Summary Page" timestamp="2021-07-21T07:42:15" tests="2" time="11.3870" failures="0">
    <testcase name="Summary Page show Product Suite List from our server" time="7.4620" classname="show Product Suite List from our server">
    </testcase>
    <testcase name="Summary Page show Product List from our server" time="3.9250" classname="show Product List from our server">
    </testcase>
  </testsuite>
</testsuites>