<?xml version="1.0" encoding="UTF-8"?>
<testsuites name="Mocha Tests" time="0.0000" tests="4" failures="1">
  <testsuite name="Root Suite" timestamp="2021-07-21T06:40:07" tests="0" file="cypress/integration/myevent.test.js" time="0.0000" failures="0">
  </testsuite>
  <testsuite name="My Event Page" timestamp="2021-07-21T06:40:07" tests="4" time="0.0000" failures="1">
    <testcase name="My Event Page &quot;before each&quot; hook for &quot;Show My Event Tab and Authorization Tab&quot;" time="0.0000" classname="&quot;before each&quot; hook for &quot;Show My Event Tab and Authorization Tab&quot;">
      <failure message="`cy.visit()` failed trying to load:

/my-event

We failed looking for this file at the path:

/Users/cxliao/Desktop/WFH/demo_x_frontend/demo_x/frontend/my-event

The internal Cypress web server responded with:

  &gt; 404: Not Found

Because this error occurred during a `before each` hook we are skipping the remaining tests in the current suite: `My Event Page`" type="CypressError"><![CDATA[CypressError: `cy.visit()` failed trying to load:

/my-event

We failed looking for this file at the path:

/Users/cxliao/Desktop/WFH/demo_x_frontend/demo_x/frontend/my-event

The internal Cypress web server responded with:

  > 404: Not Found

Because this error occurred during a `before each` hook we are skipping the remaining tests in the current suite: `My Event Page`
    at http://localhost:52442/__cypress/runner/cypress_runner.js:140508:25
    at visitFailedByErr (http://localhost:52442/__cypress/runner/cypress_runner.js:139883:12)
    at http://localhost:52442/__cypress/runner/cypress_runner.js:140488:13
    at tryCatcher (http://localhost:52442/__cypress/runner/cypress_runner.js:10798:23)
    at Promise._settlePromiseFromHandler (http://localhost:52442/__cypress/runner/cypress_runner.js:8733:31)
    at Promise._settlePromise (http://localhost:52442/__cypress/runner/cypress_runner.js:8790:18)
    at Promise._settlePromise0 (http://localhost:52442/__cypress/runner/cypress_runner.js:8835:10)
    at Promise._settlePromises (http://localhost:52442/__cypress/runner/cypress_runner.js:8911:18)
    at _drainQueueStep (http://localhost:52442/__cypress/runner/cypress_runner.js:5505:12)
    at _drainQueue (http://localhost:52442/__cypress/runner/cypress_runner.js:5498:9)
    at Async.../../node_modules/bluebird/js/release/async.js.Async._drainQueues (http://localhost:52442/__cypress/runner/cypress_runner.js:5514:5)
    at Async.drainQueues (http://localhost:52442/__cypress/runner/cypress_runner.js:5384:14)
From Your Spec Code:
    at Context.eval (http://localhost:52442/__cypress/tests?p=cypress/integration/myevent.test.js:101:8)]]></failure>
    </testcase>
  </testsuite>
</testsuites>