<?xml version="1.0" encoding="UTF-8"?>
<testsuites name="Mocha Tests" time="0.0000" tests="4" failures="1">
  <testsuite name="Root Suite" timestamp="2021-07-21T07:37:31" tests="0" file="cypress/integration/myevent.test.js" time="0.0000" failures="0">
  </testsuite>
  <testsuite name="My Event Page" timestamp="2021-07-21T07:37:31" tests="4" time="0.0000" failures="1">
    <testcase name="My Event Page &quot;before each&quot; hook for &quot;Show My Event Tab and Authorization Tab&quot;" time="0.0000" classname="&quot;before each&quot; hook for &quot;Show My Event Tab and Authorization Tab&quot;">
      <failure message="`cy.visit()` failed trying to load:

http://localhost:3000/my-event

We attempted to make an http request to this URL but the request failed without a response.

We received this error at the network level:

  &gt; Error: ESOCKETTIMEDOUT

Common situations why this would fail:
  - you don&apos;t have internet access
  - you forgot to run / boot your web server
  - your web server isn&apos;t accessible
  - you have weird network configuration settings on your computer

Because this error occurred during a `before each` hook we are skipping the remaining tests in the current suite: `My Event Page`" type="CypressError"><![CDATA[CypressError: `cy.visit()` failed trying to load:

http://localhost:3000/my-event

We attempted to make an http request to this URL but the request failed without a response.

We received this error at the network level:

  > Error: ESOCKETTIMEDOUT

Common situations why this would fail:
  - you don't have internet access
  - you forgot to run / boot your web server
  - your web server isn't accessible
  - you have weird network configuration settings on your computer

Because this error occurred during a `before each` hook we are skipping the remaining tests in the current suite: `My Event Page`
    at http://localhost:3000/__cypress/runner/cypress_runner.js:140471:23
    at visitFailedByErr (http://localhost:3000/__cypress/runner/cypress_runner.js:139830:12)
    at http://localhost:3000/__cypress/runner/cypress_runner.js:140470:11
    at tryCatcher (http://localhost:3000/__cypress/runner/cypress_runner.js:10798:23)
    at Promise._settlePromiseFromHandler (http://localhost:3000/__cypress/runner/cypress_runner.js:8733:31)
    at Promise._settlePromise (http://localhost:3000/__cypress/runner/cypress_runner.js:8790:18)
    at Promise._settlePromise0 (http://localhost:3000/__cypress/runner/cypress_runner.js:8835:10)
    at Promise._settlePromises (http://localhost:3000/__cypress/runner/cypress_runner.js:8911:18)
    at _drainQueueStep (http://localhost:3000/__cypress/runner/cypress_runner.js:5505:12)
    at _drainQueue (http://localhost:3000/__cypress/runner/cypress_runner.js:5498:9)
    at Async.../../node_modules/bluebird/js/release/async.js.Async._drainQueues (http://localhost:3000/__cypress/runner/cypress_runner.js:5514:5)
    at Async.drainQueues (http://localhost:3000/__cypress/runner/cypress_runner.js:5384:14)
From Your Spec Code:
    at Context.eval (http://localhost:3000/__cypress/tests?p=cypress/integration/myevent.test.js:101:8)

From Node.js Internals:
  Error: ESOCKETTIMEDOUT
      at ClientRequest.<anonymous> (/Users/cxliao/Library/Caches/Cypress/7.7.0/Cypress.app/Contents/Resources/app/packages/server/node_modules/@cypress/request/request.js:816:19)
      at Object.onceWrapper (events.js:421:28)
      at ClientRequest.emit (events.js:315:20)
      at Socket.emitRequestTimeout (_http_client.js:784:9)
      at Object.onceWrapper (events.js:421:28)
      at Socket.emit (events.js:327:22)
      at Socket._onTimeout (net.js:483:8)
      at listOnTimeout (internal/timers.js:554:17)
      at processTimers (internal/timers.js:497:7)
  ]]></failure>
    </testcase>
  </testsuite>
</testsuites>